Release 14.7 - ngc2edif P.20131013 (lin64)
Copyright (c) 1995-2013 Xilinx, Inc.  All rights reserved.
Reading design sca_unlock_top.ngc ...
WARNING:NetListWriters:298 - No output is written to sca_unlock_top.xncf,
   ignored.
Processing design ...
   Preping design's networks ...
   Preping design's macros ...
  finished :Prep
Writing EDIF netlist file sca_unlock_top.edif ...
ngc2edif: Total memory usage is 103948 kilobytes

Release 14.7 - ngc2edif P.20131013 (lin64)
Copyright (c) 1995-2013 Xilinx, Inc.  All rights reserved.
Reading design sca_unlock_top.ngc ...
WARNING:NetListWriters:298 - No output is written to sca_unlock_top.xncf,
   ignored.
Processing design ...
   Preping design's networks ...
   Preping design's macros ...
  finished :Prep
Writing EDIF netlist file sca_unlock_top.edif ...
ngc2edif: Total memory usage is 103952 kilobytes

Release 14.7 - ngc2edif P.20131013 (lin64)
Copyright (c) 1995-2013 Xilinx, Inc.  All rights reserved.
Reading design sca_unlock_top.ngc ...
WARNING:NetListWriters:298 - No output is written to sca_unlock_top.xncf,
   ignored.
Processing design ...
   Preping design's networks ...
   Preping design's macros ...
  finished :Prep
Writing EDIF netlist file sca_unlock_top.edif ...
ngc2edif: Total memory usage is 103952 kilobytes

Release 14.7 - ngc2edif P.20131013 (lin64)
Copyright (c) 1995-2013 Xilinx, Inc.  All rights reserved.
Reading design sca_unlock_top.ngc ...
WARNING:NetListWriters:298 - No output is written to sca_unlock_top.xncf,
   ignored.
Processing design ...
   Preping design's networks ...
   Preping design's macros ...
  finished :Prep
Writing EDIF netlist file sca_unlock_top.edif ...
ngc2edif: Total memory usage is 103948 kilobytes

Release 14.7 - ngc2edif P.20131013 (lin64)
Copyright (c) 1995-2013 Xilinx, Inc.  All rights reserved.
Reading design sca_unlock_top.ngc ...
WARNING:NetListWriters:298 - No output is written to sca_unlock_top.xncf,
   ignored.
Processing design ...
   Preping design's networks ...
   Preping design's macros ...
  finished :Prep
Writing EDIF netlist file sca_unlock_top.edif ...
ngc2edif: Total memory usage is 103944 kilobytes

